Using pre-set license
Built from '2022.1/staging' branch; Version is '2022.1.20f1 (01d83b40d570) revision 120891'; Using compiler version '192829333'; Build Type 'Release'
OS: 'Windows 10  (10.0.19044) 64bit Core' Language: 'ru' Physical Memory: 8077 MB
BatchMode: 1, IsHumanControllingUs: 0, StartBugReporterOnCrash: 0, Is64bit: 1, IsPro: 1

COMMAND LINE ARGUMENTS:
C:\Program Files\Unity\Hub\Editor\2022.1.20f1\Editor\Unity.exe
-adb2
-batchMode
-noUpm
-name
AssetImportWorker0
-projectPath
C:/Users/Ilya/repos/GitPlatformer/Platformator
-logFile
Logs/AssetImportWorker0.log
-srvPort
55955
Successfully changed project path to: C:/Users/Ilya/repos/GitPlatformer/Platformator
C:/Users/Ilya/repos/GitPlatformer/Platformator
[UnityMemory] Configuration Parameters - Can be set up in boot.config
    "memorysetup-bucket-allocator-granularity=16"
    "memorysetup-bucket-allocator-bucket-count=8"
    "memorysetup-bucket-allocator-block-size=33554432"
    "memorysetup-bucket-allocator-block-count=8"
    "memorysetup-main-allocator-block-size=16777216"
    "memorysetup-thread-allocator-block-size=16777216"
    "memorysetup-gfx-main-allocator-block-size=16777216"
    "memorysetup-gfx-thread-allocator-block-size=16777216"
    "memorysetup-cache-allocator-block-size=4194304"
    "memorysetup-typetree-allocator-block-size=2097152"
    "memorysetup-profiler-bucket-allocator-granularity=16"
    "memorysetup-profiler-bucket-allocator-bucket-count=8"
    "memorysetup-profiler-bucket-allocator-block-size=33554432"
    "memorysetup-profiler-bucket-allocator-block-count=8"
    "memorysetup-profiler-allocator-block-size=16777216"
    "memorysetup-profiler-editor-allocator-block-size=1048576"
    "memorysetup-temp-allocator-size-main=16777216"
    "memorysetup-job-temp-allocator-block-size=2097152"
    "memorysetup-job-temp-allocator-block-size-background=1048576"
    "memorysetup-job-temp-allocator-reduction-small-platforms=262144"
    "memorysetup-temp-allocator-size-background-worker=32768"
    "memorysetup-temp-allocator-size-job-worker=262144"
    "memorysetup-temp-allocator-size-preload-manager=33554432"
    "memorysetup-temp-allocator-size-nav-mesh-worker=65536"
    "memorysetup-temp-allocator-size-audio-worker=65536"
    "memorysetup-temp-allocator-size-cloud-worker=32768"
    "memorysetup-temp-allocator-size-gi-baking-worker=262144"
    "memorysetup-temp-allocator-size-gfx=262144"
Refreshing native plugins compatible for Editor in 167.16 ms, found 4 plugins.
Preloading 0 native plugins for Editor in 0.00 ms.
Initialize engine version: 2022.1.20f1 (01d83b40d570)
[Subsystems] Discovering subsystems at path C:/Program Files/Unity/Hub/Editor/2022.1.20f1/Editor/Data/Resources/UnitySubsystems
[Subsystems] Discovering subsystems at path C:/Users/Ilya/repos/GitPlatformer/Platformator/Assets
GfxDevice: creating device client; threaded=0; jobified=0
Direct3D:
    Version:  Direct3D 11.0 [level 11.1]
    Renderer: NVIDIA GeForce GTX 1050 Ti (ID=0x1c8c)
    Vendor:   NVIDIA
    VRAM:     4018 MB
    Driver:   27.21.14.5751
Initialize mono
Mono path[0] = 'C:/Program Files/Unity/Hub/Editor/2022.1.20f1/Editor/Data/Managed'
Mono path[1] = 'C:/Program Files/Unity/Hub/Editor/2022.1.20f1/Editor/Data/MonoBleedingEdge/lib/mono/unityjit-win32'
Mono config path = 'C:/Program Files/Unity/Hub/Editor/2022.1.20f1/Editor/Data/MonoBleedingEdge/etc'
Using monoOptions --debugger-agent=transport=dt_socket,embedding=1,server=y,suspend=n,address=127.0.0.1:56876
Begin MonoManager ReloadAssembly
Registering precompiled unity dll's ...
Register platform support module: C:/Program Files/Unity/Hub/Editor/2022.1.20f1/Editor/Data/PlaybackEngines/AndroidPlayer/UnityEditor.Android.Extensions.dll
Register platform support module: C:/Program Files/Unity/Hub/Editor/2022.1.20f1/Editor/Data/PlaybackEngines/WindowsStandaloneSupport/UnityEditor.WindowsStandalone.Extensions.dll
Registered in 0.014311 seconds.
Native extension for WindowsStandalone target not found
Native extension for Android target not found
Refreshing native plugins compatible for Editor in 149.48 ms, found 4 plugins.
Preloading 0 native plugins for Editor in 0.00 ms.
Mono: successfully reloaded assembly
- Completed reload, in  1.227 seconds
Domain Reload Profiling:
	ReloadAssembly (1227ms)
		BeginReloadAssembly (136ms)
			ExecutionOrderSort (0ms)
			DisableScriptedObjects (0ms)
			BackupInstance (0ms)
			ReleaseScriptingObjects (0ms)
			CreateAndSetChildDomain (1ms)
		EndReloadAssembly (904ms)
			LoadAssemblies (132ms)
			RebuildTransferFunctionScriptingTraits (0ms)
			SetupTypeCache (211ms)
				TypeCache.Initialize (210ms)
					TypeCache.ScanAssembly (208ms)
				ResolveRequiredComponents (1ms)
			ReleaseScriptCaches (0ms)
			RebuildScriptCaches (50ms)
			SetupLoadedEditorAssemblies (546ms)
				LogAssemblyErrors (0ms)
				InitializePlatformSupportModulesInManaged (90ms)
				SetLoadedEditorAssemblies (17ms)
				RefreshPlugins (150ms)
				BeforeProcessingInitializeOnLoad (2ms)
				ProcessInitializeOnLoadAttributes (219ms)
				ProcessInitializeOnLoadMethodAttributes (68ms)
				AfterProcessingInitializeOnLoad (0ms)
				EditorAssembliesLoaded (0ms)
			ExecutionOrderSort2 (0ms)
			AwakeInstancesAfterBackupRestoration (0ms)
Platform modules already initialized, skipping
Registering precompiled user dll's ...
Registered in 0.012216 seconds.
Begin MonoManager ReloadAssembly
Symbol file LoadedFromMemory doesn't match image C:\Users\Ilya\repos\GitPlatformer\Platformator\Library\PackageCache\com.unity.visualscripting@1.7.8\Editor\VisualScripting.Core\Dependencies\YamlDotNet\Unity.VisualScripting.YamlDotNet.dll
Symbol file LoadedFromMemory doesn't match image C:\Users\Ilya\repos\GitPlatformer\Platformator\Library\PackageCache\com.unity.visualscripting@1.7.8\Editor\VisualScripting.Core\Dependencies\DotNetZip\Unity.VisualScripting.IonicZip.dll
Native extension for WindowsStandalone target not found
Native extension for Android target not found
Refreshing native plugins compatible for Editor in 166.60 ms, found 4 plugins.
Preloading 0 native plugins for Editor in 0.00 ms.
Mono: successfully reloaded assembly
- Completed reload, in  2.182 seconds
Domain Reload Profiling:
	ReloadAssembly (2184ms)
		BeginReloadAssembly (278ms)
			ExecutionOrderSort (0ms)
			DisableScriptedObjects (6ms)
			BackupInstance (0ms)
			ReleaseScriptingObjects (0ms)
			CreateAndSetChildDomain (134ms)
		EndReloadAssembly (1739ms)
			LoadAssemblies (131ms)
			RebuildTransferFunctionScriptingTraits (0ms)
			SetupTypeCache (464ms)
				TypeCache.Initialize (451ms)
					TypeCache.ScanAssembly (445ms)
				ResolveRequiredComponents (13ms)
			ReleaseScriptCaches (2ms)
			RebuildScriptCaches (100ms)
			SetupLoadedEditorAssemblies (937ms)
				LogAssemblyErrors (0ms)
				InitializePlatformSupportModulesInManaged (24ms)
				SetLoadedEditorAssemblies (18ms)
				RefreshPlugins (167ms)
				BeforeProcessingInitializeOnLoad (182ms)
				ProcessInitializeOnLoadAttributes (450ms)
				ProcessInitializeOnLoadMethodAttributes (82ms)
				AfterProcessingInitializeOnLoad (14ms)
				EditorAssembliesLoaded (0ms)
			ExecutionOrderSort2 (0ms)
			AwakeInstancesAfterBackupRestoration (14ms)
Platform modules already initialized, skipping
========================================================================
Worker process is ready to serve import requests
Launched and connected shader compiler UnityShaderCompiler.exe after 0.10 seconds
Refreshing native plugins compatible for Editor in 5.25 ms, found 4 plugins.
Preloading 0 native plugins for Editor in 0.00 ms.
Unloading 4115 Unused Serialized files (Serialized files now loaded: 0)
Unloading 39 unused Assets / (58.4 KB). Loaded Objects now: 4575.
Memory consumption went from 0.63 GB to 0.63 GB.
Total: 10.407300 ms (FindLiveObjects: 1.126500 ms CreateObjectMapping: 0.860600 ms MarkObjects: 7.067000 ms  DeleteObjects: 1.186600 ms)

AssetImportParameters requested are different than current active one (requested -> active):
  custom:video-decoder-ogg-theora: a1e56fd34408186e4bbccfd4996cb3dc -> 
  custom:container-muxer-webm: aa71ff27fc2769a1b78a27578f13a17b -> 
  custom:container-demuxer-webm: 4f35f7cbe854078d1ac9338744f61a02 -> 
  custom:video-encoder-webm-vp8: eb34c28f22e8b96e1ab97ce403110664 -> 
  custom:audio-encoder-webm-vorbis: bf7c407c2cedff20999df2af8eb42d56 -> 
  custom:framework-win-MediaFoundation: 216162199b28c13a410421893ffa2e32 -> 
  custom:container-demuxer-ogg: 62fdf1f143b41e24485cea50d1cbac27 -> 
  custom:video-decoder-webm-vp8: 9c59270c3fd7afecdb556c50c9e8de78 -> 
  custom:audio-decoder-ogg-vorbis: bf7c407c2cedff20999df2af8eb42d56 -> 
========================================================================
Received Import Request.
  Time since last request: 636553.221114 seconds.
  path: Assets/Rooms/Room 6.prefab
  artifactKey: Guid(2404c9f2b93421b49a70d0d187a4235e) Importer(815301076,1909f56bfc062723c751e8b465ee728b)
Start importing Assets/Rooms/Room 6.prefab using Guid(2404c9f2b93421b49a70d0d187a4235e) Importer(815301076,1909f56bfc062723c751e8b465ee728b)  -> (artifact id: 'bc825d2a927fd13f8cf59b69d884ed6c') in 0.447399 seconds 
========================================================================
Received Import Request.
  Time since last request: 0.000046 seconds.
  path: Assets/Rooms/Room 5.prefab
  artifactKey: Guid(52ad97ef0aaa8ef4a8c9db3be1f9ceee) Importer(815301076,1909f56bfc062723c751e8b465ee728b)
Start importing Assets/Rooms/Room 5.prefab using Guid(52ad97ef0aaa8ef4a8c9db3be1f9ceee) Importer(815301076,1909f56bfc062723c751e8b465ee728b)  -> (artifact id: 'f5ed3d685a66b22f4b10521b269f3b70') in 0.041267 seconds 
========================================================================
Received Import Request.
  Time since last request: 0.000061 seconds.
  path: Assets/Rooms/Right Border Room.prefab
  artifactKey: Guid(9271b2af9fd606b41badca09ffc0d2c8) Importer(815301076,1909f56bfc062723c751e8b465ee728b)
Start importing Assets/Rooms/Right Border Room.prefab using Guid(9271b2af9fd606b41badca09ffc0d2c8) Importer(815301076,1909f56bfc062723c751e8b465ee728b)  -> (artifact id: '6d08033c1176bda21aeaff10f216fa76') in 0.024363 seconds 
========================================================================
Received Prepare
Registering precompiled user dll's ...
Registered in 0.011612 seconds.
Begin MonoManager ReloadAssembly
Symbol file LoadedFromMemory doesn't match image C:\Users\Ilya\repos\GitPlatformer\Platformator\Library\PackageCache\com.unity.visualscripting@1.7.8\Editor\VisualScripting.Core\Dependencies\YamlDotNet\Unity.VisualScripting.YamlDotNet.dll
Symbol file LoadedFromMemory doesn't match image C:\Users\Ilya\repos\GitPlatformer\Platformator\Library\PackageCache\com.unity.visualscripting@1.7.8\Editor\VisualScripting.Core\Dependencies\DotNetZip\Unity.VisualScripting.IonicZip.dll
Native extension for WindowsStandalone target not found
Native extension for Android target not found
Refreshing native plugins compatible for Editor in 1.75 ms, found 4 plugins.
Preloading 0 native plugins for Editor in 0.00 ms.
Mono: successfully reloaded assembly
- Completed reload, in  2.100 seconds
Domain Reload Profiling:
	ReloadAssembly (2101ms)
		BeginReloadAssembly (290ms)
			ExecutionOrderSort (0ms)
			DisableScriptedObjects (16ms)
			BackupInstance (0ms)
			ReleaseScriptingObjects (0ms)
			CreateAndSetChildDomain (89ms)
		EndReloadAssembly (1567ms)
			LoadAssemblies (198ms)
			RebuildTransferFunctionScriptingTraits (0ms)
			SetupTypeCache (500ms)
				TypeCache.Initialize (491ms)
					TypeCache.ScanAssembly (480ms)
				ResolveRequiredComponents (10ms)
			ReleaseScriptCaches (3ms)
			RebuildScriptCaches (101ms)
			SetupLoadedEditorAssemblies (669ms)
				LogAssemblyErrors (0ms)
				InitializePlatformSupportModulesInManaged (39ms)
				SetLoadedEditorAssemblies (14ms)
				RefreshPlugins (2ms)
				BeforeProcessingInitializeOnLoad (135ms)
				ProcessInitializeOnLoadAttributes (397ms)
				ProcessInitializeOnLoadMethodAttributes (69ms)
				AfterProcessingInitializeOnLoad (13ms)
				EditorAssembliesLoaded (0ms)
			ExecutionOrderSort2 (0ms)
			AwakeInstancesAfterBackupRestoration (17ms)
Platform modules already initialized, skipping
Refreshing native plugins compatible for Editor in 5.30 ms, found 4 plugins.
Preloading 0 native plugins for Editor in 0.00 ms.
Unloading 4091 Unused Serialized files (Serialized files now loaded: 0)
Unloading 26 unused Assets / (25.5 KB). Loaded Objects now: 4587.
Memory consumption went from 0.63 GB to 0.63 GB.
Total: 7.864600 ms (FindLiveObjects: 0.595900 ms CreateObjectMapping: 0.980500 ms MarkObjects: 6.211700 ms  DeleteObjects: 0.074600 ms)

AssetImportParameters requested are different than current active one (requested -> active):
  custom:video-decoder-ogg-theora: a1e56fd34408186e4bbccfd4996cb3dc -> 
  custom:container-muxer-webm: aa71ff27fc2769a1b78a27578f13a17b -> 
  custom:container-demuxer-webm: 4f35f7cbe854078d1ac9338744f61a02 -> 
  custom:video-encoder-webm-vp8: eb34c28f22e8b96e1ab97ce403110664 -> 
  custom:audio-encoder-webm-vorbis: bf7c407c2cedff20999df2af8eb42d56 -> 
  custom:framework-win-MediaFoundation: 216162199b28c13a410421893ffa2e32 -> 
  custom:container-demuxer-ogg: 62fdf1f143b41e24485cea50d1cbac27 -> 
  custom:video-decoder-webm-vp8: 9c59270c3fd7afecdb556c50c9e8de78 -> 
  custom:audio-decoder-ogg-vorbis: bf7c407c2cedff20999df2af8eb42d56 -> 
========================================================================
Received Import Request.
  Time since last request: 126.513468 seconds.
  path: Assets/Prefabs/Bottom Border.prefab
  artifactKey: Guid(67bedf9f088217349ab2bd237bfc869a) Importer(815301076,1909f56bfc062723c751e8b465ee728b)
Start importing Assets/Prefabs/Bottom Border.prefab using Guid(67bedf9f088217349ab2bd237bfc869a) Importer(815301076,1909f56bfc062723c751e8b465ee728b)  -> (artifact id: '675a2885d5b6938897dea85bd8f4226b') in 0.105342 seconds 
========================================================================
Received Import Request.
  Time since last request: 4.757670 seconds.
  path: Assets/Prefabs/Vertical Border.prefab
  artifactKey: Guid(4f055e905692c374ea7bd195f9c900e9) Importer(815301076,1909f56bfc062723c751e8b465ee728b)
Start importing Assets/Prefabs/Vertical Border.prefab using Guid(4f055e905692c374ea7bd195f9c900e9) Importer(815301076,1909f56bfc062723c751e8b465ee728b)  -> (artifact id: '676cb06b297562e0a89b998b8ea6e237') in 0.024967 seconds 
========================================================================
Received Prepare
Registering precompiled user dll's ...
Registered in 0.010686 seconds.
Begin MonoManager ReloadAssembly
Symbol file LoadedFromMemory doesn't match image C:\Users\Ilya\repos\GitPlatformer\Platformator\Library\PackageCache\com.unity.visualscripting@1.7.8\Editor\VisualScripting.Core\Dependencies\YamlDotNet\Unity.VisualScripting.YamlDotNet.dll
Symbol file LoadedFromMemory doesn't match image C:\Users\Ilya\repos\GitPlatformer\Platformator\Library\PackageCache\com.unity.visualscripting@1.7.8\Editor\VisualScripting.Core\Dependencies\DotNetZip\Unity.VisualScripting.IonicZip.dll
Native extension for WindowsStandalone target not found
Native extension for Android target not found
Refreshing native plugins compatible for Editor in 1.60 ms, found 4 plugins.
Preloading 0 native plugins for Editor in 0.00 ms.
Mono: successfully reloaded assembly
- Completed reload, in  1.899 seconds
Domain Reload Profiling:
	ReloadAssembly (1901ms)
		BeginReloadAssembly (196ms)
			ExecutionOrderSort (0ms)
			DisableScriptedObjects (9ms)
			BackupInstance (0ms)
			ReleaseScriptingObjects (0ms)
			CreateAndSetChildDomain (62ms)
		EndReloadAssembly (1566ms)
			LoadAssemblies (162ms)
			RebuildTransferFunctionScriptingTraits (0ms)
			SetupTypeCache (509ms)
				TypeCache.Initialize (500ms)
					TypeCache.ScanAssembly (489ms)
				ResolveRequiredComponents (10ms)
			ReleaseScriptCaches (3ms)
			RebuildScriptCaches (96ms)
			SetupLoadedEditorAssemblies (664ms)
				LogAssemblyErrors (0ms)
				InitializePlatformSupportModulesInManaged (43ms)
				SetLoadedEditorAssemblies (12ms)
				RefreshPlugins (2ms)
				BeforeProcessingInitializeOnLoad (136ms)
				ProcessInitializeOnLoadAttributes (385ms)
				ProcessInitializeOnLoadMethodAttributes (72ms)
				AfterProcessingInitializeOnLoad (14ms)
				EditorAssembliesLoaded (0ms)
			ExecutionOrderSort2 (0ms)
			AwakeInstancesAfterBackupRestoration (21ms)
Platform modules already initialized, skipping
Refreshing native plugins compatible for Editor in 4.50 ms, found 4 plugins.
Preloading 0 native plugins for Editor in 0.00 ms.
Unloading 4091 Unused Serialized files (Serialized files now loaded: 0)
Unloading 26 unused Assets / (25.5 KB). Loaded Objects now: 4590.
Memory consumption went from 0.63 GB to 0.63 GB.
Total: 6.263400 ms (FindLiveObjects: 0.689300 ms CreateObjectMapping: 1.145500 ms MarkObjects: 4.358600 ms  DeleteObjects: 0.068500 ms)

AssetImportParameters requested are different than current active one (requested -> active):
  custom:video-decoder-ogg-theora: a1e56fd34408186e4bbccfd4996cb3dc -> 
  custom:container-muxer-webm: aa71ff27fc2769a1b78a27578f13a17b -> 
  custom:container-demuxer-webm: 4f35f7cbe854078d1ac9338744f61a02 -> 
  custom:video-encoder-webm-vp8: eb34c28f22e8b96e1ab97ce403110664 -> 
  custom:audio-encoder-webm-vorbis: bf7c407c2cedff20999df2af8eb42d56 -> 
  custom:framework-win-MediaFoundation: 216162199b28c13a410421893ffa2e32 -> 
  custom:container-demuxer-ogg: 62fdf1f143b41e24485cea50d1cbac27 -> 
  custom:video-decoder-webm-vp8: 9c59270c3fd7afecdb556c50c9e8de78 -> 
  custom:audio-decoder-ogg-vorbis: bf7c407c2cedff20999df2af8eb42d56 -> 
========================================================================
Received Prepare
Registering precompiled user dll's ...
Registered in 0.011155 seconds.
Begin MonoManager ReloadAssembly
Symbol file LoadedFromMemory doesn't match image C:\Users\Ilya\repos\GitPlatformer\Platformator\Library\PackageCache\com.unity.visualscripting@1.7.8\Editor\VisualScripting.Core\Dependencies\YamlDotNet\Unity.VisualScripting.YamlDotNet.dll
Symbol file LoadedFromMemory doesn't match image C:\Users\Ilya\repos\GitPlatformer\Platformator\Library\PackageCache\com.unity.visualscripting@1.7.8\Editor\VisualScripting.Core\Dependencies\DotNetZip\Unity.VisualScripting.IonicZip.dll
Native extension for WindowsStandalone target not found
Native extension for Android target not found
Refreshing native plugins compatible for Editor in 1.70 ms, found 4 plugins.
Preloading 0 native plugins for Editor in 0.00 ms.
Mono: successfully reloaded assembly
- Completed reload, in  1.940 seconds
Domain Reload Profiling:
	ReloadAssembly (1942ms)
		BeginReloadAssembly (190ms)
			ExecutionOrderSort (0ms)
			DisableScriptedObjects (10ms)
			BackupInstance (0ms)
			ReleaseScriptingObjects (0ms)
			CreateAndSetChildDomain (54ms)
		EndReloadAssembly (1614ms)
			LoadAssemblies (160ms)
			RebuildTransferFunctionScriptingTraits (0ms)
			SetupTypeCache (514ms)
				TypeCache.Initialize (506ms)
					TypeCache.ScanAssembly (493ms)
				ResolveRequiredComponents (8ms)
			ReleaseScriptCaches (3ms)
			RebuildScriptCaches (95ms)
			SetupLoadedEditorAssemblies (705ms)
				LogAssemblyErrors (0ms)
				InitializePlatformSupportModulesInManaged (39ms)
				SetLoadedEditorAssemblies (12ms)
				RefreshPlugins (2ms)
				BeforeProcessingInitializeOnLoad (143ms)
				ProcessInitializeOnLoadAttributes (417ms)
				ProcessInitializeOnLoadMethodAttributes (77ms)
				AfterProcessingInitializeOnLoad (16ms)
				EditorAssembliesLoaded (0ms)
			ExecutionOrderSort2 (0ms)
			AwakeInstancesAfterBackupRestoration (18ms)
Platform modules already initialized, skipping
Refreshing native plugins compatible for Editor in 5.52 ms, found 4 plugins.
Preloading 0 native plugins for Editor in 0.00 ms.
Unloading 4092 Unused Serialized files (Serialized files now loaded: 0)
Unloading 26 unused Assets / (32.5 KB). Loaded Objects now: 4593.
Memory consumption went from 0.63 GB to 0.63 GB.
Total: 6.444600 ms (FindLiveObjects: 0.629100 ms CreateObjectMapping: 0.596000 ms MarkObjects: 5.178700 ms  DeleteObjects: 0.039300 ms)

AssetImportParameters requested are different than current active one (requested -> active):
  custom:video-decoder-ogg-theora: a1e56fd34408186e4bbccfd4996cb3dc -> 
  custom:container-muxer-webm: aa71ff27fc2769a1b78a27578f13a17b -> 
  custom:container-demuxer-webm: 4f35f7cbe854078d1ac9338744f61a02 -> 
  custom:video-encoder-webm-vp8: eb34c28f22e8b96e1ab97ce403110664 -> 
  custom:audio-encoder-webm-vorbis: bf7c407c2cedff20999df2af8eb42d56 -> 
  custom:framework-win-MediaFoundation: 216162199b28c13a410421893ffa2e32 -> 
  custom:container-demuxer-ogg: 62fdf1f143b41e24485cea50d1cbac27 -> 
  custom:video-decoder-webm-vp8: 9c59270c3fd7afecdb556c50c9e8de78 -> 
  custom:audio-decoder-ogg-vorbis: bf7c407c2cedff20999df2af8eb42d56 -> 
========================================================================
Received Import Request.
  Time since last request: 60.938960 seconds.
  path: Assets/Rooms/Top Border Room.prefab
  artifactKey: Guid(317fdc31841004e4c8a92e5f530c2993) Importer(815301076,1909f56bfc062723c751e8b465ee728b)
Start importing Assets/Rooms/Top Border Room.prefab using Guid(317fdc31841004e4c8a92e5f530c2993) Importer(815301076,1909f56bfc062723c751e8b465ee728b)  -> (artifact id: '72e0306f7344b31eece41c75beb3fdca') in 0.101684 seconds 
========================================================================
Received Import Request.
  Time since last request: 281.281723 seconds.
  path: Assets/Rooms/Bottom Border Room.prefab
  artifactKey: Guid(c067fd62a9a74324681962c39be0ec17) Importer(815301076,1909f56bfc062723c751e8b465ee728b)
Start importing Assets/Rooms/Bottom Border Room.prefab using Guid(c067fd62a9a74324681962c39be0ec17) Importer(815301076,1909f56bfc062723c751e8b465ee728b)  -> (artifact id: '6481a8023d0d696736d37fbbbcd863d7') in 0.059582 seconds 
========================================================================
Received Import Request.
  Time since last request: 35.548490 seconds.
  path: Assets/Rooms/Left Border Room.prefab
  artifactKey: Guid(89168b57d634eb748a63034f5ca18ed5) Importer(815301076,1909f56bfc062723c751e8b465ee728b)
Start importing Assets/Rooms/Left Border Room.prefab using Guid(89168b57d634eb748a63034f5ca18ed5) Importer(815301076,1909f56bfc062723c751e8b465ee728b)  -> (artifact id: '36c7ddf907fb6142ad541d54d407fb68') in 0.023387 seconds 
========================================================================
Received Import Request.
  Time since last request: 3.381908 seconds.
  path: Assets/Rooms/Left Border Room.prefab
  artifactKey: Guid(89168b57d634eb748a63034f5ca18ed5) Importer(815301076,1909f56bfc062723c751e8b465ee728b)
Start importing Assets/Rooms/Left Border Room.prefab using Guid(89168b57d634eb748a63034f5ca18ed5) Importer(815301076,1909f56bfc062723c751e8b465ee728b)  -> (artifact id: '8e78c800b02705349ccf1e2f6154691f') in 0.023294 seconds 
========================================================================
Received Import Request.
  Time since last request: 1.772719 seconds.
  path: Assets/Rooms/Left Border Room.prefab
  artifactKey: Guid(89168b57d634eb748a63034f5ca18ed5) Importer(815301076,1909f56bfc062723c751e8b465ee728b)
Start importing Assets/Rooms/Left Border Room.prefab using Guid(89168b57d634eb748a63034f5ca18ed5) Importer(815301076,1909f56bfc062723c751e8b465ee728b)  -> (artifact id: 'efb5aaa4b0896f2560cc455327c50651') in 0.022995 seconds 
========================================================================
Received Import Request.
  Time since last request: 61.709063 seconds.
  path: Assets/Rooms/Left Border Room.prefab
  artifactKey: Guid(89168b57d634eb748a63034f5ca18ed5) Importer(815301076,1909f56bfc062723c751e8b465ee728b)
Start importing Assets/Rooms/Left Border Room.prefab using Guid(89168b57d634eb748a63034f5ca18ed5) Importer(815301076,1909f56bfc062723c751e8b465ee728b)  -> (artifact id: 'e4492f4a040283eeb1e2689d448b2798') in 0.021531 seconds 
========================================================================
Received Import Request.
  Time since last request: 16.151453 seconds.
  path: Assets/Rooms/Right Border Room.prefab
  artifactKey: Guid(9271b2af9fd606b41badca09ffc0d2c8) Importer(815301076,1909f56bfc062723c751e8b465ee728b)
Start importing Assets/Rooms/Right Border Room.prefab using Guid(9271b2af9fd606b41badca09ffc0d2c8) Importer(815301076,1909f56bfc062723c751e8b465ee728b)  -> (artifact id: '6a133d5c998c3adf40d99ce870f6ffe4') in 0.024304 seconds 
========================================================================
Received Import Request.
  Time since last request: 2.180882 seconds.
  path: Assets/Rooms/Right Border Room.prefab
  artifactKey: Guid(9271b2af9fd606b41badca09ffc0d2c8) Importer(815301076,1909f56bfc062723c751e8b465ee728b)
Start importing Assets/Rooms/Right Border Room.prefab using Guid(9271b2af9fd606b41badca09ffc0d2c8) Importer(815301076,1909f56bfc062723c751e8b465ee728b)  -> (artifact id: '3743f8d1d59b05343003688ab315285a') in 0.021222 seconds 
========================================================================
Received Import Request.
  Time since last request: 1.942155 seconds.
  path: Assets/Rooms/Right Border Room.prefab
  artifactKey: Guid(9271b2af9fd606b41badca09ffc0d2c8) Importer(815301076,1909f56bfc062723c751e8b465ee728b)
Start importing Assets/Rooms/Right Border Room.prefab using Guid(9271b2af9fd606b41badca09ffc0d2c8) Importer(815301076,1909f56bfc062723c751e8b465ee728b)  -> (artifact id: '5a828b76aa3ff29c4997b5356d4eaa0f') in 0.023272 seconds 
========================================================================
Received Import Request.
  Time since last request: 44.542341 seconds.
  path: Assets/Rooms/Right Border Room.prefab
  artifactKey: Guid(9271b2af9fd606b41badca09ffc0d2c8) Importer(815301076,1909f56bfc062723c751e8b465ee728b)
Start importing Assets/Rooms/Right Border Room.prefab using Guid(9271b2af9fd606b41badca09ffc0d2c8) Importer(815301076,1909f56bfc062723c751e8b465ee728b)  -> (artifact id: 'feb52a8da32198042198268f4e80afc5') in 0.058867 seconds 
========================================================================
Received Import Request.
  Time since last request: 13.363097 seconds.
  path: Assets/Rooms/Top Border Room.prefab
  artifactKey: Guid(317fdc31841004e4c8a92e5f530c2993) Importer(815301076,1909f56bfc062723c751e8b465ee728b)
Start importing Assets/Rooms/Top Border Room.prefab using Guid(317fdc31841004e4c8a92e5f530c2993) Importer(815301076,1909f56bfc062723c751e8b465ee728b)  -> (artifact id: '88b0c8af3f427103be2f2c6b93586c17') in 0.037194 seconds 
========================================================================
Received Import Request.
  Time since last request: 2.399944 seconds.
  path: Assets/Rooms/Top Border Room.prefab
  artifactKey: Guid(317fdc31841004e4c8a92e5f530c2993) Importer(815301076,1909f56bfc062723c751e8b465ee728b)
Start importing Assets/Rooms/Top Border Room.prefab using Guid(317fdc31841004e4c8a92e5f530c2993) Importer(815301076,1909f56bfc062723c751e8b465ee728b)  -> (artifact id: '9fb8ec4a46047e49c6d3917334ba9595') in 0.023571 seconds 
========================================================================
Received Import Request.
  Time since last request: 1.963015 seconds.
  path: Assets/Rooms/Top Border Room.prefab
  artifactKey: Guid(317fdc31841004e4c8a92e5f530c2993) Importer(815301076,1909f56bfc062723c751e8b465ee728b)
Start importing Assets/Rooms/Top Border Room.prefab using Guid(317fdc31841004e4c8a92e5f530c2993) Importer(815301076,1909f56bfc062723c751e8b465ee728b)  -> (artifact id: '23b6829cc2c590163468eb22c70733a6') in 0.023007 seconds 
========================================================================
Received Prepare
Registering precompiled user dll's ...
Registered in 0.015943 seconds.
Begin MonoManager ReloadAssembly
Symbol file LoadedFromMemory doesn't match image C:\Users\Ilya\repos\GitPlatformer\Platformator\Library\PackageCache\com.unity.visualscripting@1.7.8\Editor\VisualScripting.Core\Dependencies\YamlDotNet\Unity.VisualScripting.YamlDotNet.dll
Symbol file LoadedFromMemory doesn't match image C:\Users\Ilya\repos\GitPlatformer\Platformator\Library\PackageCache\com.unity.visualscripting@1.7.8\Editor\VisualScripting.Core\Dependencies\DotNetZip\Unity.VisualScripting.IonicZip.dll
Native extension for WindowsStandalone target not found
Native extension for Android target not found
Refreshing native plugins compatible for Editor in 2.08 ms, found 4 plugins.
Preloading 0 native plugins for Editor in 0.00 ms.
Mono: successfully reloaded assembly
- Completed reload, in  3.317 seconds
Domain Reload Profiling:
	ReloadAssembly (3322ms)
		BeginReloadAssembly (951ms)
			ExecutionOrderSort (1ms)
			DisableScriptedObjects (129ms)
			BackupInstance (0ms)
			ReleaseScriptingObjects (1ms)
			CreateAndSetChildDomain (445ms)
		EndReloadAssembly (2109ms)
			LoadAssemblies (276ms)
			RebuildTransferFunctionScriptingTraits (0ms)
			SetupTypeCache (944ms)
				TypeCache.Initialize (934ms)
					TypeCache.ScanAssembly (912ms)
				ResolveRequiredComponents (10ms)
			ReleaseScriptCaches (4ms)
			RebuildScriptCaches (113ms)
			SetupLoadedEditorAssemblies (728ms)
				LogAssemblyErrors (0ms)
				InitializePlatformSupportModulesInManaged (43ms)
				SetLoadedEditorAssemblies (14ms)
				RefreshPlugins (2ms)
				BeforeProcessingInitializeOnLoad (163ms)
				ProcessInitializeOnLoadAttributes (422ms)
				ProcessInitializeOnLoadMethodAttributes (70ms)
				AfterProcessingInitializeOnLoad (13ms)
				EditorAssembliesLoaded (0ms)
			ExecutionOrderSort2 (0ms)
			AwakeInstancesAfterBackupRestoration (17ms)
Platform modules already initialized, skipping
Refreshing native plugins compatible for Editor in 5.60 ms, found 4 plugins.
Preloading 0 native plugins for Editor in 0.00 ms.
Unloading 4091 Unused Serialized files (Serialized files now loaded: 0)
Unloading 26 unused Assets / (25.5 KB). Loaded Objects now: 4596.
Memory consumption went from 0.63 GB to 0.63 GB.
Total: 8.368600 ms (FindLiveObjects: 0.646200 ms CreateObjectMapping: 0.976100 ms MarkObjects: 6.644200 ms  DeleteObjects: 0.100300 ms)

AssetImportParameters requested are different than current active one (requested -> active):
  custom:video-decoder-ogg-theora: a1e56fd34408186e4bbccfd4996cb3dc -> 
  custom:container-muxer-webm: aa71ff27fc2769a1b78a27578f13a17b -> 
  custom:container-demuxer-webm: 4f35f7cbe854078d1ac9338744f61a02 -> 
  custom:video-encoder-webm-vp8: eb34c28f22e8b96e1ab97ce403110664 -> 
  custom:audio-encoder-webm-vorbis: bf7c407c2cedff20999df2af8eb42d56 -> 
  custom:framework-win-MediaFoundation: 216162199b28c13a410421893ffa2e32 -> 
  custom:container-demuxer-ogg: 62fdf1f143b41e24485cea50d1cbac27 -> 
  custom:video-decoder-webm-vp8: 9c59270c3fd7afecdb556c50c9e8de78 -> 
  custom:audio-decoder-ogg-vorbis: bf7c407c2cedff20999df2af8eb42d56 -> 
========================================================================
Received Prepare
Registering precompiled user dll's ...
Registered in 0.015640 seconds.
Begin MonoManager ReloadAssembly
Symbol file LoadedFromMemory doesn't match image C:\Users\Ilya\repos\GitPlatformer\Platformator\Library\PackageCache\com.unity.visualscripting@1.7.8\Editor\VisualScripting.Core\Dependencies\YamlDotNet\Unity.VisualScripting.YamlDotNet.dll
Symbol file LoadedFromMemory doesn't match image C:\Users\Ilya\repos\GitPlatformer\Platformator\Library\PackageCache\com.unity.visualscripting@1.7.8\Editor\VisualScripting.Core\Dependencies\DotNetZip\Unity.VisualScripting.IonicZip.dll
Native extension for WindowsStandalone target not found
Native extension for Android target not found
Refreshing native plugins compatible for Editor in 1.10 ms, found 4 plugins.
Preloading 0 native plugins for Editor in 0.00 ms.
Mono: successfully reloaded assembly
- Completed reload, in  1.974 seconds
Domain Reload Profiling:
	ReloadAssembly (1976ms)
		BeginReloadAssembly (251ms)
			ExecutionOrderSort (0ms)
			DisableScriptedObjects (13ms)
			BackupInstance (0ms)
			ReleaseScriptingObjects (0ms)
			CreateAndSetChildDomain (73ms)
		EndReloadAssembly (1540ms)
			LoadAssemblies (182ms)
			RebuildTransferFunctionScriptingTraits (0ms)
			SetupTypeCache (465ms)
				TypeCache.Initialize (456ms)
					TypeCache.ScanAssembly (446ms)
				ResolveRequiredComponents (9ms)
			ReleaseScriptCaches (3ms)
			RebuildScriptCaches (90ms)
			SetupLoadedEditorAssemblies (666ms)
				LogAssemblyErrors (0ms)
				InitializePlatformSupportModulesInManaged (41ms)
				SetLoadedEditorAssemblies (12ms)
				RefreshPlugins (1ms)
				BeforeProcessingInitializeOnLoad (129ms)
				ProcessInitializeOnLoadAttributes (399ms)
				ProcessInitializeOnLoadMethodAttributes (71ms)
				AfterProcessingInitializeOnLoad (13ms)
				EditorAssembliesLoaded (0ms)
			ExecutionOrderSort2 (0ms)
			AwakeInstancesAfterBackupRestoration (16ms)
Platform modules already initialized, skipping
Refreshing native plugins compatible for Editor in 3.02 ms, found 4 plugins.
Preloading 0 native plugins for Editor in 0.00 ms.
Unloading 4092 Unused Serialized files (Serialized files now loaded: 0)
Unloading 26 unused Assets / (32.5 KB). Loaded Objects now: 4599.
Memory consumption went from 0.63 GB to 0.63 GB.
Total: 4.085100 ms (FindLiveObjects: 0.424600 ms CreateObjectMapping: 0.444500 ms MarkObjects: 3.165500 ms  DeleteObjects: 0.049100 ms)

AssetImportParameters requested are different than current active one (requested -> active):
  custom:video-decoder-ogg-theora: a1e56fd34408186e4bbccfd4996cb3dc -> 
  custom:container-muxer-webm: aa71ff27fc2769a1b78a27578f13a17b -> 
  custom:container-demuxer-webm: 4f35f7cbe854078d1ac9338744f61a02 -> 
  custom:video-encoder-webm-vp8: eb34c28f22e8b96e1ab97ce403110664 -> 
  custom:audio-encoder-webm-vorbis: bf7c407c2cedff20999df2af8eb42d56 -> 
  custom:framework-win-MediaFoundation: 216162199b28c13a410421893ffa2e32 -> 
  custom:container-demuxer-ogg: 62fdf1f143b41e24485cea50d1cbac27 -> 
  custom:video-decoder-webm-vp8: 9c59270c3fd7afecdb556c50c9e8de78 -> 
  custom:audio-decoder-ogg-vorbis: bf7c407c2cedff20999df2af8eb42d56 -> 
========================================================================
Received Prepare
Registering precompiled user dll's ...
Registered in 0.010201 seconds.
Begin MonoManager ReloadAssembly
Symbol file LoadedFromMemory doesn't match image C:\Users\Ilya\repos\GitPlatformer\Platformator\Library\PackageCache\com.unity.visualscripting@1.7.8\Editor\VisualScripting.Core\Dependencies\YamlDotNet\Unity.VisualScripting.YamlDotNet.dll
Symbol file LoadedFromMemory doesn't match image C:\Users\Ilya\repos\GitPlatformer\Platformator\Library\PackageCache\com.unity.visualscripting@1.7.8\Editor\VisualScripting.Core\Dependencies\DotNetZip\Unity.VisualScripting.IonicZip.dll
Native extension for WindowsStandalone target not found
Native extension for Android target not found
Refreshing native plugins compatible for Editor in 2.38 ms, found 4 plugins.
Preloading 0 native plugins for Editor in 0.00 ms.
Mono: successfully reloaded assembly
- Completed reload, in  2.173 seconds
Domain Reload Profiling:
	ReloadAssembly (2174ms)
		BeginReloadAssembly (230ms)
			ExecutionOrderSort (0ms)
			DisableScriptedObjects (12ms)
			BackupInstance (0ms)
			ReleaseScriptingObjects (0ms)
			CreateAndSetChildDomain (70ms)
		EndReloadAssembly (1734ms)
			LoadAssemblies (183ms)
			RebuildTransferFunctionScriptingTraits (0ms)
			SetupTypeCache (494ms)
				TypeCache.Initialize (485ms)
					TypeCache.ScanAssembly (474ms)
				ResolveRequiredComponents (10ms)
			ReleaseScriptCaches (3ms)
			RebuildScriptCaches (103ms)
			SetupLoadedEditorAssemblies (783ms)
				LogAssemblyErrors (0ms)
				InitializePlatformSupportModulesInManaged (41ms)
				SetLoadedEditorAssemblies (11ms)
				RefreshPlugins (2ms)
				BeforeProcessingInitializeOnLoad (141ms)
				ProcessInitializeOnLoadAttributes (439ms)
				ProcessInitializeOnLoadMethodAttributes (80ms)
				AfterProcessingInitializeOnLoad (68ms)
				EditorAssembliesLoaded (1ms)
			ExecutionOrderSort2 (0ms)
			AwakeInstancesAfterBackupRestoration (48ms)
Platform modules already initialized, skipping
Refreshing native plugins compatible for Editor in 2.98 ms, found 4 plugins.
Preloading 0 native plugins for Editor in 0.00 ms.
Unloading 4092 Unused Serialized files (Serialized files now loaded: 0)
Unloading 26 unused Assets / (32.5 KB). Loaded Objects now: 4602.
Memory consumption went from 0.63 GB to 0.63 GB.
Total: 6.492100 ms (FindLiveObjects: 0.500800 ms CreateObjectMapping: 0.410800 ms MarkObjects: 5.523900 ms  DeleteObjects: 0.055400 ms)

AssetImportParameters requested are different than current active one (requested -> active):
  custom:video-decoder-ogg-theora: a1e56fd34408186e4bbccfd4996cb3dc -> 
  custom:container-muxer-webm: aa71ff27fc2769a1b78a27578f13a17b -> 
  custom:container-demuxer-webm: 4f35f7cbe854078d1ac9338744f61a02 -> 
  custom:video-encoder-webm-vp8: eb34c28f22e8b96e1ab97ce403110664 -> 
  custom:audio-encoder-webm-vorbis: bf7c407c2cedff20999df2af8eb42d56 -> 
  custom:framework-win-MediaFoundation: 216162199b28c13a410421893ffa2e32 -> 
  custom:container-demuxer-ogg: 62fdf1f143b41e24485cea50d1cbac27 -> 
  custom:video-decoder-webm-vp8: 9c59270c3fd7afecdb556c50c9e8de78 -> 
  custom:audio-decoder-ogg-vorbis: bf7c407c2cedff20999df2af8eb42d56 -> 
========================================================================
Received Prepare
Registering precompiled user dll's ...
Registered in 0.010446 seconds.
Begin MonoManager ReloadAssembly
Symbol file LoadedFromMemory doesn't match image C:\Users\Ilya\repos\GitPlatformer\Platformator\Library\PackageCache\com.unity.visualscripting@1.7.8\Editor\VisualScripting.Core\Dependencies\YamlDotNet\Unity.VisualScripting.YamlDotNet.dll
Symbol file LoadedFromMemory doesn't match image C:\Users\Ilya\repos\GitPlatformer\Platformator\Library\PackageCache\com.unity.visualscripting@1.7.8\Editor\VisualScripting.Core\Dependencies\DotNetZip\Unity.VisualScripting.IonicZip.dll
Native extension for WindowsStandalone target not found
Native extension for Android target not found
Refreshing native plugins compatible for Editor in 2.00 ms, found 4 plugins.
Preloading 0 native plugins for Editor in 0.00 ms.
Mono: successfully reloaded assembly
- Completed reload, in  1.944 seconds
Domain Reload Profiling:
	ReloadAssembly (1945ms)
		BeginReloadAssembly (215ms)
			ExecutionOrderSort (0ms)
			DisableScriptedObjects (9ms)
			BackupInstance (0ms)
			ReleaseScriptingObjects (0ms)
			CreateAndSetChildDomain (66ms)
		EndReloadAssembly (1527ms)
			LoadAssemblies (161ms)
			RebuildTransferFunctionScriptingTraits (0ms)
			SetupTypeCache (479ms)
				TypeCache.Initialize (470ms)
					TypeCache.ScanAssembly (459ms)
				ResolveRequiredComponents (9ms)
			ReleaseScriptCaches (3ms)
			RebuildScriptCaches (104ms)
			SetupLoadedEditorAssemblies (662ms)
				LogAssemblyErrors (0ms)
				InitializePlatformSupportModulesInManaged (39ms)
				SetLoadedEditorAssemblies (14ms)
				RefreshPlugins (2ms)
				BeforeProcessingInitializeOnLoad (138ms)
				ProcessInitializeOnLoadAttributes (384ms)
				ProcessInitializeOnLoadMethodAttributes (69ms)
				AfterProcessingInitializeOnLoad (16ms)
				EditorAssembliesLoaded (0ms)
			ExecutionOrderSort2 (0ms)
			AwakeInstancesAfterBackupRestoration (18ms)
Platform modules already initialized, skipping
Refreshing native plugins compatible for Editor in 4.74 ms, found 4 plugins.
Preloading 0 native plugins for Editor in 0.00 ms.
Unloading 4092 Unused Serialized files (Serialized files now loaded: 0)
Unloading 26 unused Assets / (32.5 KB). Loaded Objects now: 4605.
Memory consumption went from 0.63 GB to 0.63 GB.
Total: 6.017500 ms (FindLiveObjects: 0.613000 ms CreateObjectMapping: 0.562100 ms MarkObjects: 4.229900 ms  DeleteObjects: 0.609000 ms)

AssetImportParameters requested are different than current active one (requested -> active):
  custom:video-decoder-ogg-theora: a1e56fd34408186e4bbccfd4996cb3dc -> 
  custom:container-muxer-webm: aa71ff27fc2769a1b78a27578f13a17b -> 
  custom:container-demuxer-webm: 4f35f7cbe854078d1ac9338744f61a02 -> 
  custom:video-encoder-webm-vp8: eb34c28f22e8b96e1ab97ce403110664 -> 
  custom:audio-encoder-webm-vorbis: bf7c407c2cedff20999df2af8eb42d56 -> 
  custom:framework-win-MediaFoundation: 216162199b28c13a410421893ffa2e32 -> 
  custom:container-demuxer-ogg: 62fdf1f143b41e24485cea50d1cbac27 -> 
  custom:video-decoder-webm-vp8: 9c59270c3fd7afecdb556c50c9e8de78 -> 
  custom:audio-decoder-ogg-vorbis: bf7c407c2cedff20999df2af8eb42d56 -> 
========================================================================
Received Prepare
Registering precompiled user dll's ...
Registered in 0.013005 seconds.
Begin MonoManager ReloadAssembly
Symbol file LoadedFromMemory doesn't match image C:\Users\Ilya\repos\GitPlatformer\Platformator\Library\PackageCache\com.unity.visualscripting@1.7.8\Editor\VisualScripting.Core\Dependencies\YamlDotNet\Unity.VisualScripting.YamlDotNet.dll
Symbol file LoadedFromMemory doesn't match image C:\Users\Ilya\repos\GitPlatformer\Platformator\Library\PackageCache\com.unity.visualscripting@1.7.8\Editor\VisualScripting.Core\Dependencies\DotNetZip\Unity.VisualScripting.IonicZip.dll
Native extension for WindowsStandalone target not found
Native extension for Android target not found
Refreshing native plugins compatible for Editor in 0.95 ms, found 4 plugins.
Preloading 0 native plugins for Editor in 0.00 ms.
Mono: successfully reloaded assembly
- Completed reload, in  1.576 seconds
Domain Reload Profiling:
	ReloadAssembly (1578ms)
		BeginReloadAssembly (243ms)
			ExecutionOrderSort (0ms)
			DisableScriptedObjects (14ms)
			BackupInstance (0ms)
			ReleaseScriptingObjects (0ms)
			CreateAndSetChildDomain (65ms)
		EndReloadAssembly (1188ms)
			LoadAssemblies (141ms)
			RebuildTransferFunctionScriptingTraits (0ms)
			SetupTypeCache (338ms)
				TypeCache.Initialize (332ms)
					TypeCache.ScanAssembly (325ms)
				ResolveRequiredComponents (6ms)
			ReleaseScriptCaches (2ms)
			RebuildScriptCaches (79ms)
			SetupLoadedEditorAssemblies (562ms)
				LogAssemblyErrors (0ms)
				InitializePlatformSupportModulesInManaged (35ms)
				SetLoadedEditorAssemblies (10ms)
				RefreshPlugins (1ms)
				BeforeProcessingInitializeOnLoad (125ms)
				ProcessInitializeOnLoadAttributes (320ms)
				ProcessInitializeOnLoadMethodAttributes (57ms)
				AfterProcessingInitializeOnLoad (12ms)
				EditorAssembliesLoaded (0ms)
			ExecutionOrderSort2 (0ms)
			AwakeInstancesAfterBackupRestoration (13ms)
Platform modules already initialized, skipping
Refreshing native plugins compatible for Editor in 4.49 ms, found 4 plugins.
Preloading 0 native plugins for Editor in 0.00 ms.
Unloading 4092 Unused Serialized files (Serialized files now loaded: 0)
Unloading 26 unused Assets / (32.6 KB). Loaded Objects now: 4608.
Memory consumption went from 0.63 GB to 0.63 GB.
Total: 5.398500 ms (FindLiveObjects: 0.518200 ms CreateObjectMapping: 0.451400 ms MarkObjects: 4.385600 ms  DeleteObjects: 0.041800 ms)

AssetImportParameters requested are different than current active one (requested -> active):
  custom:video-decoder-ogg-theora: a1e56fd34408186e4bbccfd4996cb3dc -> 
  custom:container-muxer-webm: aa71ff27fc2769a1b78a27578f13a17b -> 
  custom:container-demuxer-webm: 4f35f7cbe854078d1ac9338744f61a02 -> 
  custom:video-encoder-webm-vp8: eb34c28f22e8b96e1ab97ce403110664 -> 
  custom:audio-encoder-webm-vorbis: bf7c407c2cedff20999df2af8eb42d56 -> 
  custom:framework-win-MediaFoundation: 216162199b28c13a410421893ffa2e32 -> 
  custom:container-demuxer-ogg: 62fdf1f143b41e24485cea50d1cbac27 -> 
  custom:video-decoder-webm-vp8: 9c59270c3fd7afecdb556c50c9e8de78 -> 
  custom:audio-decoder-ogg-vorbis: bf7c407c2cedff20999df2af8eb42d56 -> 
========================================================================
Received Prepare
Registering precompiled user dll's ...
Registered in 0.013970 seconds.
Begin MonoManager ReloadAssembly
Symbol file LoadedFromMemory doesn't match image C:\Users\Ilya\repos\GitPlatformer\Platformator\Library\PackageCache\com.unity.visualscripting@1.7.8\Editor\VisualScripting.Core\Dependencies\YamlDotNet\Unity.VisualScripting.YamlDotNet.dll
Symbol file LoadedFromMemory doesn't match image C:\Users\Ilya\repos\GitPlatformer\Platformator\Library\PackageCache\com.unity.visualscripting@1.7.8\Editor\VisualScripting.Core\Dependencies\DotNetZip\Unity.VisualScripting.IonicZip.dll
Native extension for WindowsStandalone target not found
Native extension for Android target not found
Refreshing native plugins compatible for Editor in 1.33 ms, found 4 plugins.
Preloading 0 native plugins for Editor in 0.00 ms.
Mono: successfully reloaded assembly
- Completed reload, in  2.014 seconds
Domain Reload Profiling:
	ReloadAssembly (2016ms)
		BeginReloadAssembly (251ms)
			ExecutionOrderSort (0ms)
			DisableScriptedObjects (15ms)
			BackupInstance (0ms)
			ReleaseScriptingObjects (0ms)
			CreateAndSetChildDomain (73ms)
		EndReloadAssembly (1549ms)
			LoadAssemblies (178ms)
			RebuildTransferFunctionScriptingTraits (0ms)
			SetupTypeCache (492ms)
				TypeCache.Initialize (483ms)
					TypeCache.ScanAssembly (473ms)
				ResolveRequiredComponents (9ms)
			ReleaseScriptCaches (3ms)
			RebuildScriptCaches (96ms)
			SetupLoadedEditorAssemblies (677ms)
				LogAssemblyErrors (0ms)
				InitializePlatformSupportModulesInManaged (40ms)
				SetLoadedEditorAssemblies (12ms)
				RefreshPlugins (1ms)
				BeforeProcessingInitializeOnLoad (135ms)
				ProcessInitializeOnLoadAttributes (399ms)
				ProcessInitializeOnLoadMethodAttributes (74ms)
				AfterProcessingInitializeOnLoad (16ms)
				EditorAssembliesLoaded (0ms)
			ExecutionOrderSort2 (0ms)
			AwakeInstancesAfterBackupRestoration (19ms)
Platform modules already initialized, skipping
Refreshing native plugins compatible for Editor in 4.65 ms, found 4 plugins.
Preloading 0 native plugins for Editor in 0.00 ms.
Unloading 4092 Unused Serialized files (Serialized files now loaded: 0)
Unloading 26 unused Assets / (32.6 KB). Loaded Objects now: 4611.
Memory consumption went from 0.63 GB to 0.63 GB.
Total: 6.581200 ms (FindLiveObjects: 0.558000 ms CreateObjectMapping: 0.534300 ms MarkObjects: 5.447400 ms  DeleteObjects: 0.040400 ms)

AssetImportParameters requested are different than current active one (requested -> active):
  custom:video-decoder-ogg-theora: a1e56fd34408186e4bbccfd4996cb3dc -> 
  custom:container-muxer-webm: aa71ff27fc2769a1b78a27578f13a17b -> 
  custom:container-demuxer-webm: 4f35f7cbe854078d1ac9338744f61a02 -> 
  custom:video-encoder-webm-vp8: eb34c28f22e8b96e1ab97ce403110664 -> 
  custom:audio-encoder-webm-vorbis: bf7c407c2cedff20999df2af8eb42d56 -> 
  custom:framework-win-MediaFoundation: 216162199b28c13a410421893ffa2e32 -> 
  custom:container-demuxer-ogg: 62fdf1f143b41e24485cea50d1cbac27 -> 
  custom:video-decoder-webm-vp8: 9c59270c3fd7afecdb556c50c9e8de78 -> 
  custom:audio-decoder-ogg-vorbis: bf7c407c2cedff20999df2af8eb42d56 -> 
========================================================================
Received Import Request.
  Time since last request: 8353.644803 seconds.
  path: Assets/Rooms/Bottom Border Room.prefab
  artifactKey: Guid(c067fd62a9a74324681962c39be0ec17) Importer(815301076,1909f56bfc062723c751e8b465ee728b)
Start importing Assets/Rooms/Bottom Border Room.prefab using Guid(c067fd62a9a74324681962c39be0ec17) Importer(815301076,1909f56bfc062723c751e8b465ee728b)  -> (artifact id: '542cfe0c8d230c18fe38cc29fcc6d9d4') in 0.197691 seconds 
========================================================================
Received Import Request.
  Time since last request: 0.000113 seconds.
  path: Assets/Rooms/Room 4.prefab
  artifactKey: Guid(6eb87274cfcb6d04294510ac870f4084) Importer(815301076,1909f56bfc062723c751e8b465ee728b)
Start importing Assets/Rooms/Room 4.prefab using Guid(6eb87274cfcb6d04294510ac870f4084) Importer(815301076,1909f56bfc062723c751e8b465ee728b)  -> (artifact id: 'dcecb3fead3e5f05c5b7bdd7191b9b8c') in 0.037163 seconds 
========================================================================
Received Import Request.
  Time since last request: 0.000120 seconds.
  path: Assets/Rooms/Top Border Room.prefab
  artifactKey: Guid(317fdc31841004e4c8a92e5f530c2993) Importer(815301076,1909f56bfc062723c751e8b465ee728b)
Start importing Assets/Rooms/Top Border Room.prefab using Guid(317fdc31841004e4c8a92e5f530c2993) Importer(815301076,1909f56bfc062723c751e8b465ee728b)  -> (artifact id: 'dbba14f9d40f9292a10639dbb62923bc') in 0.048385 seconds 
========================================================================
Received Import Request.
  Time since last request: 0.000028 seconds.
  path: Assets/Rooms/Room 5.prefab
  artifactKey: Guid(52ad97ef0aaa8ef4a8c9db3be1f9ceee) Importer(815301076,1909f56bfc062723c751e8b465ee728b)
Start importing Assets/Rooms/Room 5.prefab using Guid(52ad97ef0aaa8ef4a8c9db3be1f9ceee) Importer(815301076,1909f56bfc062723c751e8b465ee728b)  -> (artifact id: '09f92079cb6f2c74f87f6e7db8733a37') in 0.036713 seconds 
========================================================================
Received Import Request.
  Time since last request: 0.000057 seconds.
  path: Assets/Rooms/Right Border Room.prefab
  artifactKey: Guid(9271b2af9fd606b41badca09ffc0d2c8) Importer(815301076,1909f56bfc062723c751e8b465ee728b)
Start importing Assets/Rooms/Right Border Room.prefab using Guid(9271b2af9fd606b41badca09ffc0d2c8) Importer(815301076,1909f56bfc062723c751e8b465ee728b)  -> (artifact id: 'a744abeaf525f0604ac2f281cb8a4e7e') in 0.035861 seconds 
========================================================================
Received Import Request.
  Time since last request: 338.783098 seconds.
  path: Assets/Rooms/Bottom Border Room.prefab
  artifactKey: Guid(c067fd62a9a74324681962c39be0ec17) Importer(815301076,1909f56bfc062723c751e8b465ee728b)
Start importing Assets/Rooms/Bottom Border Room.prefab using Guid(c067fd62a9a74324681962c39be0ec17) Importer(815301076,1909f56bfc062723c751e8b465ee728b)  -> (artifact id: '95902c417636badc35be0ec4e55c54c6') in 0.026739 seconds 
========================================================================
Received Import Request.
  Time since last request: 25.081469 seconds.
  path: Assets/Rooms/Left Border Room.prefab
  artifactKey: Guid(89168b57d634eb748a63034f5ca18ed5) Importer(815301076,1909f56bfc062723c751e8b465ee728b)
Start importing Assets/Rooms/Left Border Room.prefab using Guid(89168b57d634eb748a63034f5ca18ed5) Importer(815301076,1909f56bfc062723c751e8b465ee728b)  -> (artifact id: 'db2fd6e94da8d7c144c616e163c17f47') in 0.021430 seconds 
========================================================================
Received Import Request.
  Time since last request: 14.344542 seconds.
  path: Assets/Rooms/Right Border Room.prefab
  artifactKey: Guid(9271b2af9fd606b41badca09ffc0d2c8) Importer(815301076,1909f56bfc062723c751e8b465ee728b)
Start importing Assets/Rooms/Right Border Room.prefab using Guid(9271b2af9fd606b41badca09ffc0d2c8) Importer(815301076,1909f56bfc062723c751e8b465ee728b)  -> (artifact id: '79baf430830e56def59041089aced231') in 0.019749 seconds 
========================================================================
Received Import Request.
  Time since last request: 29.918417 seconds.
  path: Assets/Rooms/Room 1.prefab
  artifactKey: Guid(4db005c9c17ffad4e9eb01b238d06bd9) Importer(815301076,1909f56bfc062723c751e8b465ee728b)
Start importing Assets/Rooms/Room 1.prefab using Guid(4db005c9c17ffad4e9eb01b238d06bd9) Importer(815301076,1909f56bfc062723c751e8b465ee728b)  -> (artifact id: '31b3cbd574494cae657f80c06fc1aab9') in 0.021658 seconds 
========================================================================
Received Import Request.
  Time since last request: 10.394336 seconds.
  path: Assets/Rooms/Room 1.prefab
  artifactKey: Guid(4db005c9c17ffad4e9eb01b238d06bd9) Importer(815301076,1909f56bfc062723c751e8b465ee728b)
Start importing Assets/Rooms/Room 1.prefab using Guid(4db005c9c17ffad4e9eb01b238d06bd9) Importer(815301076,1909f56bfc062723c751e8b465ee728b)  -> (artifact id: '21d43e64cec81a96a467a2cd1fadddce') in 0.018929 seconds 
========================================================================
Received Import Request.
  Time since last request: 3.533568 seconds.
  path: Assets/Rooms/Room 1.prefab
  artifactKey: Guid(4db005c9c17ffad4e9eb01b238d06bd9) Importer(815301076,1909f56bfc062723c751e8b465ee728b)
Start importing Assets/Rooms/Room 1.prefab using Guid(4db005c9c17ffad4e9eb01b238d06bd9) Importer(815301076,1909f56bfc062723c751e8b465ee728b)  -> (artifact id: '8971f0674a05c1a3e46a742378a6acf9') in 0.020726 seconds 
========================================================================
Received Import Request.
  Time since last request: 2.634668 seconds.
  path: Assets/Rooms/Room 1.prefab
  artifactKey: Guid(4db005c9c17ffad4e9eb01b238d06bd9) Importer(815301076,1909f56bfc062723c751e8b465ee728b)
Start importing Assets/Rooms/Room 1.prefab using Guid(4db005c9c17ffad4e9eb01b238d06bd9) Importer(815301076,1909f56bfc062723c751e8b465ee728b)  -> (artifact id: '34e71f9dd3d5dd1e8b38e768cb5495a3') in 0.019720 seconds 
========================================================================
Received Import Request.
  Time since last request: 19.535968 seconds.
  path: Assets/Rooms/Room 2.prefab
  artifactKey: Guid(da44bc6fc760ee54e9cf1430ebd7c9f1) Importer(815301076,1909f56bfc062723c751e8b465ee728b)
Start importing Assets/Rooms/Room 2.prefab using Guid(da44bc6fc760ee54e9cf1430ebd7c9f1) Importer(815301076,1909f56bfc062723c751e8b465ee728b)  -> (artifact id: '5fc08a4f0e1cd9a16d875adef5000b6d') in 0.022089 seconds 
========================================================================
Received Import Request.
  Time since last request: 2.806837 seconds.
  path: Assets/Rooms/Room 2.prefab
  artifactKey: Guid(da44bc6fc760ee54e9cf1430ebd7c9f1) Importer(815301076,1909f56bfc062723c751e8b465ee728b)
Start importing Assets/Rooms/Room 2.prefab using Guid(da44bc6fc760ee54e9cf1430ebd7c9f1) Importer(815301076,1909f56bfc062723c751e8b465ee728b)  -> (artifact id: 'dba432ed16b0c4ee78e5efd58785bf86') in 0.022483 seconds 
========================================================================
Received Import Request.
  Time since last request: 16.481239 seconds.
  path: Assets/Rooms/Room 3.prefab
  artifactKey: Guid(53ee6cdd1969a1844b06a47111fa606b) Importer(815301076,1909f56bfc062723c751e8b465ee728b)
Start importing Assets/Rooms/Room 3.prefab using Guid(53ee6cdd1969a1844b06a47111fa606b) Importer(815301076,1909f56bfc062723c751e8b465ee728b)  -> (artifact id: 'fc7a9766f1905ad3431ba3214a260c14') in 0.021681 seconds 
========================================================================
Received Import Request.
  Time since last request: 2.522807 seconds.
  path: Assets/Rooms/Room 3.prefab
  artifactKey: Guid(53ee6cdd1969a1844b06a47111fa606b) Importer(815301076,1909f56bfc062723c751e8b465ee728b)
Start importing Assets/Rooms/Room 3.prefab using Guid(53ee6cdd1969a1844b06a47111fa606b) Importer(815301076,1909f56bfc062723c751e8b465ee728b)  -> (artifact id: '74536a3b774206f8e81955e6e07b3735') in 0.020661 seconds 
========================================================================
Received Import Request.
  Time since last request: 2.628267 seconds.
  path: Assets/Rooms/Room 3.prefab
  artifactKey: Guid(53ee6cdd1969a1844b06a47111fa606b) Importer(815301076,1909f56bfc062723c751e8b465ee728b)
Start importing Assets/Rooms/Room 3.prefab using Guid(53ee6cdd1969a1844b06a47111fa606b) Importer(815301076,1909f56bfc062723c751e8b465ee728b)  -> (artifact id: 'a36ca312962133e1c0a0efdc93132304') in 0.019698 seconds 
========================================================================
Received Import Request.
  Time since last request: 2.615547 seconds.
  path: Assets/Rooms/Room 3.prefab
  artifactKey: Guid(53ee6cdd1969a1844b06a47111fa606b) Importer(815301076,1909f56bfc062723c751e8b465ee728b)
Start importing Assets/Rooms/Room 3.prefab using Guid(53ee6cdd1969a1844b06a47111fa606b) Importer(815301076,1909f56bfc062723c751e8b465ee728b)  -> (artifact id: '9dbaa83beecc84861162b5e848a06814') in 0.024844 seconds 
========================================================================
Received Import Request.
  Time since last request: 10.912480 seconds.
  path: Assets/Rooms/Room 4.prefab
  artifactKey: Guid(6eb87274cfcb6d04294510ac870f4084) Importer(815301076,1909f56bfc062723c751e8b465ee728b)
Start importing Assets/Rooms/Room 4.prefab using Guid(6eb87274cfcb6d04294510ac870f4084) Importer(815301076,1909f56bfc062723c751e8b465ee728b)  -> (artifact id: 'dd8e21f891da96bf303c3cc9aae184ed') in 0.018277 seconds 
========================================================================
Received Import Request.
  Time since last request: 3.583019 seconds.
  path: Assets/Rooms/Room 4.prefab
  artifactKey: Guid(6eb87274cfcb6d04294510ac870f4084) Importer(815301076,1909f56bfc062723c751e8b465ee728b)
Start importing Assets/Rooms/Room 4.prefab using Guid(6eb87274cfcb6d04294510ac870f4084) Importer(815301076,1909f56bfc062723c751e8b465ee728b)  -> (artifact id: '4edd4b3178e984982bb95f0bc7475e05') in 0.019694 seconds 
========================================================================
Received Import Request.
  Time since last request: 26.177242 seconds.
  path: Assets/Rooms/Room 5.prefab
  artifactKey: Guid(52ad97ef0aaa8ef4a8c9db3be1f9ceee) Importer(815301076,1909f56bfc062723c751e8b465ee728b)
Start importing Assets/Rooms/Room 5.prefab using Guid(52ad97ef0aaa8ef4a8c9db3be1f9ceee) Importer(815301076,1909f56bfc062723c751e8b465ee728b)  -> (artifact id: '4dea5074f2d7064b6f514819b3a7c69b') in 0.019102 seconds 
========================================================================
Received Import Request.
  Time since last request: 11.704473 seconds.
  path: Assets/Rooms/Room 5.prefab
  artifactKey: Guid(52ad97ef0aaa8ef4a8c9db3be1f9ceee) Importer(815301076,1909f56bfc062723c751e8b465ee728b)
Start importing Assets/Rooms/Room 5.prefab using Guid(52ad97ef0aaa8ef4a8c9db3be1f9ceee) Importer(815301076,1909f56bfc062723c751e8b465ee728b)  -> (artifact id: '85ea44fd9f3a6adfc4a0fe41ac71a67f') in 0.019987 seconds 
========================================================================
Received Import Request.
  Time since last request: 21.738298 seconds.
  path: Assets/Rooms/Room 6.prefab
  artifactKey: Guid(2404c9f2b93421b49a70d0d187a4235e) Importer(815301076,1909f56bfc062723c751e8b465ee728b)
Start importing Assets/Rooms/Room 6.prefab using Guid(2404c9f2b93421b49a70d0d187a4235e) Importer(815301076,1909f56bfc062723c751e8b465ee728b)  -> (artifact id: '929ba6d1b76a359f8566b73a86f8f338') in 0.021434 seconds 
========================================================================
Received Import Request.
  Time since last request: 3.421915 seconds.
  path: Assets/Rooms/Room 6.prefab
  artifactKey: Guid(2404c9f2b93421b49a70d0d187a4235e) Importer(815301076,1909f56bfc062723c751e8b465ee728b)
Start importing Assets/Rooms/Room 6.prefab using Guid(2404c9f2b93421b49a70d0d187a4235e) Importer(815301076,1909f56bfc062723c751e8b465ee728b)  -> (artifact id: '58427f19ab0b9a166a0fa0041660e17f') in 0.019866 seconds 
========================================================================
Received Import Request.
  Time since last request: 26.408014 seconds.
  path: Assets/Rooms/Top Border Room.prefab
  artifactKey: Guid(317fdc31841004e4c8a92e5f530c2993) Importer(815301076,1909f56bfc062723c751e8b465ee728b)
Start importing Assets/Rooms/Top Border Room.prefab using Guid(317fdc31841004e4c8a92e5f530c2993) Importer(815301076,1909f56bfc062723c751e8b465ee728b)  -> (artifact id: 'e92d9a89d6c0636f9d7fabb80c3b1ac1') in 0.027291 seconds 
========================================================================
Received Prepare
Registering precompiled user dll's ...
Registered in 0.011537 seconds.
Begin MonoManager ReloadAssembly
Symbol file LoadedFromMemory doesn't match image C:\Users\Ilya\repos\GitPlatformer\Platformator\Library\PackageCache\com.unity.visualscripting@1.7.8\Editor\VisualScripting.Core\Dependencies\YamlDotNet\Unity.VisualScripting.YamlDotNet.dll
Symbol file LoadedFromMemory doesn't match image C:\Users\Ilya\repos\GitPlatformer\Platformator\Library\PackageCache\com.unity.visualscripting@1.7.8\Editor\VisualScripting.Core\Dependencies\DotNetZip\Unity.VisualScripting.IonicZip.dll
Native extension for WindowsStandalone target not found
Native extension for Android target not found
Refreshing native plugins compatible for Editor in 1.02 ms, found 4 plugins.
Preloading 0 native plugins for Editor in 0.00 ms.
Mono: successfully reloaded assembly
- Completed reload, in  2.107 seconds
Domain Reload Profiling:
	ReloadAssembly (2109ms)
		BeginReloadAssembly (276ms)
			ExecutionOrderSort (0ms)
			DisableScriptedObjects (14ms)
			BackupInstance (0ms)
			ReleaseScriptingObjects (0ms)
			CreateAndSetChildDomain (87ms)
		EndReloadAssembly (1629ms)
			LoadAssemblies (196ms)
			RebuildTransferFunctionScriptingTraits (0ms)
			SetupTypeCache (545ms)
				TypeCache.Initialize (534ms)
					TypeCache.ScanAssembly (524ms)
				ResolveRequiredComponents (10ms)
			ReleaseScriptCaches (4ms)
			RebuildScriptCaches (105ms)
			SetupLoadedEditorAssemblies (675ms)
				LogAssemblyErrors (0ms)
				InitializePlatformSupportModulesInManaged (76ms)
				SetLoadedEditorAssemblies (8ms)
				RefreshPlugins (1ms)
				BeforeProcessingInitializeOnLoad (107ms)
				ProcessInitializeOnLoadAttributes (399ms)
				ProcessInitializeOnLoadMethodAttributes (71ms)
				AfterProcessingInitializeOnLoad (13ms)
				EditorAssembliesLoaded (0ms)
			ExecutionOrderSort2 (0ms)
			AwakeInstancesAfterBackupRestoration (15ms)
Platform modules already initialized, skipping
Refreshing native plugins compatible for Editor in 4.85 ms, found 4 plugins.
Preloading 0 native plugins for Editor in 0.00 ms.
Unloading 4091 Unused Serialized files (Serialized files now loaded: 0)
Unloading 26 unused Assets / (25.4 KB). Loaded Objects now: 4614.
Memory consumption went from 0.63 GB to 0.63 GB.
Total: 6.818300 ms (FindLiveObjects: 0.495400 ms CreateObjectMapping: 0.619000 ms MarkObjects: 5.650500 ms  DeleteObjects: 0.052100 ms)

AssetImportParameters requested are different than current active one (requested -> active):
  custom:video-decoder-ogg-theora: a1e56fd34408186e4bbccfd4996cb3dc -> 
  custom:container-muxer-webm: aa71ff27fc2769a1b78a27578f13a17b -> 
  custom:container-demuxer-webm: 4f35f7cbe854078d1ac9338744f61a02 -> 
  custom:video-encoder-webm-vp8: eb34c28f22e8b96e1ab97ce403110664 -> 
  custom:audio-encoder-webm-vorbis: bf7c407c2cedff20999df2af8eb42d56 -> 
  custom:framework-win-MediaFoundation: 216162199b28c13a410421893ffa2e32 -> 
  custom:container-demuxer-ogg: 62fdf1f143b41e24485cea50d1cbac27 -> 
  custom:video-decoder-webm-vp8: 9c59270c3fd7afecdb556c50c9e8de78 -> 
  custom:audio-decoder-ogg-vorbis: bf7c407c2cedff20999df2af8eb42d56 -> 
========================================================================
Received Prepare
Registering precompiled user dll's ...
Registered in 0.009875 seconds.
Begin MonoManager ReloadAssembly
Symbol file LoadedFromMemory doesn't match image C:\Users\Ilya\repos\GitPlatformer\Platformator\Library\PackageCache\com.unity.visualscripting@1.7.8\Editor\VisualScripting.Core\Dependencies\YamlDotNet\Unity.VisualScripting.YamlDotNet.dll
Symbol file LoadedFromMemory doesn't match image C:\Users\Ilya\repos\GitPlatformer\Platformator\Library\PackageCache\com.unity.visualscripting@1.7.8\Editor\VisualScripting.Core\Dependencies\DotNetZip\Unity.VisualScripting.IonicZip.dll
Native extension for WindowsStandalone target not found
Native extension for Android target not found
Refreshing native plugins compatible for Editor in 0.99 ms, found 4 plugins.
Preloading 0 native plugins for Editor in 0.00 ms.
Mono: successfully reloaded assembly
- Completed reload, in  2.101 seconds
Domain Reload Profiling:
	ReloadAssembly (2103ms)
		BeginReloadAssembly (281ms)
			ExecutionOrderSort (0ms)
			DisableScriptedObjects (15ms)
			BackupInstance (0ms)
			ReleaseScriptingObjects (0ms)
			CreateAndSetChildDomain (79ms)
		EndReloadAssembly (1604ms)
			LoadAssemblies (200ms)
			RebuildTransferFunctionScriptingTraits (0ms)
			SetupTypeCache (548ms)
				TypeCache.Initialize (539ms)
					TypeCache.ScanAssembly (526ms)
				ResolveRequiredComponents (9ms)
			ReleaseScriptCaches (4ms)
			RebuildScriptCaches (100ms)
			SetupLoadedEditorAssemblies (645ms)
				LogAssemblyErrors (0ms)
				InitializePlatformSupportModulesInManaged (44ms)
				SetLoadedEditorAssemblies (16ms)
				RefreshPlugins (1ms)
				BeforeProcessingInitializeOnLoad (137ms)
				ProcessInitializeOnLoadAttributes (352ms)
				ProcessInitializeOnLoadMethodAttributes (81ms)
				AfterProcessingInitializeOnLoad (15ms)
				EditorAssembliesLoaded (0ms)
			ExecutionOrderSort2 (0ms)
			AwakeInstancesAfterBackupRestoration (20ms)
Platform modules already initialized, skipping
Refreshing native plugins compatible for Editor in 5.25 ms, found 4 plugins.
Preloading 0 native plugins for Editor in 0.00 ms.
Unloading 4092 Unused Serialized files (Serialized files now loaded: 0)
Unloading 26 unused Assets / (32.7 KB). Loaded Objects now: 4617.
Memory consumption went from 0.63 GB to 0.63 GB.
Total: 7.088700 ms (FindLiveObjects: 0.550300 ms CreateObjectMapping: 0.527300 ms MarkObjects: 5.946800 ms  DeleteObjects: 0.062500 ms)

AssetImportParameters requested are different than current active one (requested -> active):
  custom:video-decoder-ogg-theora: a1e56fd34408186e4bbccfd4996cb3dc -> 
  custom:container-muxer-webm: aa71ff27fc2769a1b78a27578f13a17b -> 
  custom:container-demuxer-webm: 4f35f7cbe854078d1ac9338744f61a02 -> 
  custom:video-encoder-webm-vp8: eb34c28f22e8b96e1ab97ce403110664 -> 
  custom:audio-encoder-webm-vorbis: bf7c407c2cedff20999df2af8eb42d56 -> 
  custom:framework-win-MediaFoundation: 216162199b28c13a410421893ffa2e32 -> 
  custom:container-demuxer-ogg: 62fdf1f143b41e24485cea50d1cbac27 -> 
  custom:video-decoder-webm-vp8: 9c59270c3fd7afecdb556c50c9e8de78 -> 
  custom:audio-decoder-ogg-vorbis: bf7c407c2cedff20999df2af8eb42d56 -> 
========================================================================
Received Prepare
Registering precompiled user dll's ...
Registered in 0.011634 seconds.
Begin MonoManager ReloadAssembly
Symbol file LoadedFromMemory doesn't match image C:\Users\Ilya\repos\GitPlatformer\Platformator\Library\PackageCache\com.unity.visualscripting@1.7.8\Editor\VisualScripting.Core\Dependencies\YamlDotNet\Unity.VisualScripting.YamlDotNet.dll
Symbol file LoadedFromMemory doesn't match image C:\Users\Ilya\repos\GitPlatformer\Platformator\Library\PackageCache\com.unity.visualscripting@1.7.8\Editor\VisualScripting.Core\Dependencies\DotNetZip\Unity.VisualScripting.IonicZip.dll
Native extension for WindowsStandalone target not found
Native extension for Android target not found
Refreshing native plugins compatible for Editor in 2.18 ms, found 4 plugins.
Preloading 0 native plugins for Editor in 0.00 ms.
Mono: successfully reloaded assembly
- Completed reload, in  2.023 seconds
Domain Reload Profiling:
	ReloadAssembly (2024ms)
		BeginReloadAssembly (212ms)
			ExecutionOrderSort (0ms)
			DisableScriptedObjects (11ms)
			BackupInstance (0ms)
			ReleaseScriptingObjects (0ms)
			CreateAndSetChildDomain (58ms)
		EndReloadAssembly (1657ms)
			LoadAssemblies (175ms)
			RebuildTransferFunctionScriptingTraits (0ms)
			SetupTypeCache (526ms)
				TypeCache.Initialize (517ms)
					TypeCache.ScanAssembly (505ms)
				ResolveRequiredComponents (9ms)
			ReleaseScriptCaches (3ms)
			RebuildScriptCaches (103ms)
			SetupLoadedEditorAssemblies (716ms)
				LogAssemblyErrors (0ms)
				InitializePlatformSupportModulesInManaged (45ms)
				SetLoadedEditorAssemblies (13ms)
				RefreshPlugins (2ms)
				BeforeProcessingInitializeOnLoad (150ms)
				ProcessInitializeOnLoadAttributes (412ms)
				ProcessInitializeOnLoadMethodAttributes (79ms)
				AfterProcessingInitializeOnLoad (14ms)
				EditorAssembliesLoaded (0ms)
			ExecutionOrderSort2 (0ms)
			AwakeInstancesAfterBackupRestoration (14ms)
Platform modules already initialized, skipping
Refreshing native plugins compatible for Editor in 5.60 ms, found 4 plugins.
Preloading 0 native plugins for Editor in 0.00 ms.
Unloading 4092 Unused Serialized files (Serialized files now loaded: 0)
Unloading 26 unused Assets / (32.6 KB). Loaded Objects now: 4620.
Memory consumption went from 0.63 GB to 0.63 GB.
Total: 5.145900 ms (FindLiveObjects: 0.477100 ms CreateObjectMapping: 0.471400 ms MarkObjects: 4.133900 ms  DeleteObjects: 0.060500 ms)

AssetImportParameters requested are different than current active one (requested -> active):
  custom:video-decoder-ogg-theora: a1e56fd34408186e4bbccfd4996cb3dc -> 
  custom:container-muxer-webm: aa71ff27fc2769a1b78a27578f13a17b -> 
  custom:container-demuxer-webm: 4f35f7cbe854078d1ac9338744f61a02 -> 
  custom:video-encoder-webm-vp8: eb34c28f22e8b96e1ab97ce403110664 -> 
  custom:audio-encoder-webm-vorbis: bf7c407c2cedff20999df2af8eb42d56 -> 
  custom:framework-win-MediaFoundation: 216162199b28c13a410421893ffa2e32 -> 
  custom:container-demuxer-ogg: 62fdf1f143b41e24485cea50d1cbac27 -> 
  custom:video-decoder-webm-vp8: 9c59270c3fd7afecdb556c50c9e8de78 -> 
  custom:audio-decoder-ogg-vorbis: bf7c407c2cedff20999df2af8eb42d56 -> 
========================================================================
Received Import Request.
  Time since last request: 272.157988 seconds.
  path: Assets/Scripts/PlayerMovements.cs
  artifactKey: Guid(d65bda26f1eb85a439d9431cd55fc707) Importer(815301076,1909f56bfc062723c751e8b465ee728b)
Start importing Assets/Scripts/PlayerMovements.cs using Guid(d65bda26f1eb85a439d9431cd55fc707) Importer(815301076,1909f56bfc062723c751e8b465ee728b)  -> (artifact id: '6a5633049b604e275b6353f4b645884b') in 0.022274 seconds 
========================================================================
Received Prepare
Registering precompiled user dll's ...
Registered in 0.017876 seconds.
Begin MonoManager ReloadAssembly
Symbol file LoadedFromMemory doesn't match image C:\Users\Ilya\repos\GitPlatformer\Platformator\Library\PackageCache\com.unity.visualscripting@1.7.8\Editor\VisualScripting.Core\Dependencies\YamlDotNet\Unity.VisualScripting.YamlDotNet.dll
Symbol file LoadedFromMemory doesn't match image C:\Users\Ilya\repos\GitPlatformer\Platformator\Library\PackageCache\com.unity.visualscripting@1.7.8\Editor\VisualScripting.Core\Dependencies\DotNetZip\Unity.VisualScripting.IonicZip.dll
Native extension for WindowsStandalone target not found
Native extension for Android target not found
Refreshing native plugins compatible for Editor in 0.89 ms, found 4 plugins.
Preloading 0 native plugins for Editor in 0.00 ms.
Mono: successfully reloaded assembly
- Completed reload, in  1.806 seconds
Domain Reload Profiling:
	ReloadAssembly (1807ms)
		BeginReloadAssembly (216ms)
			ExecutionOrderSort (0ms)
			DisableScriptedObjects (9ms)
			BackupInstance (0ms)
			ReleaseScriptingObjects (0ms)
			CreateAndSetChildDomain (55ms)
		EndReloadAssembly (1409ms)
			LoadAssemblies (170ms)
			RebuildTransferFunctionScriptingTraits (0ms)
			SetupTypeCache (441ms)
				TypeCache.Initialize (433ms)
					TypeCache.ScanAssembly (423ms)
				ResolveRequiredComponents (8ms)
			ReleaseScriptCaches (4ms)
			RebuildScriptCaches (84ms)
			SetupLoadedEditorAssemblies (623ms)
				LogAssemblyErrors (0ms)
				InitializePlatformSupportModulesInManaged (37ms)
				SetLoadedEditorAssemblies (10ms)
				RefreshPlugins (1ms)
				BeforeProcessingInitializeOnLoad (126ms)
				ProcessInitializeOnLoadAttributes (363ms)
				ProcessInitializeOnLoadMethodAttributes (72ms)
				AfterProcessingInitializeOnLoad (13ms)
				EditorAssembliesLoaded (0ms)
			ExecutionOrderSort2 (0ms)
			AwakeInstancesAfterBackupRestoration (16ms)
Platform modules already initialized, skipping
Refreshing native plugins compatible for Editor in 4.23 ms, found 4 plugins.
Preloading 0 native plugins for Editor in 0.00 ms.
Unloading 4091 Unused Serialized files (Serialized files now loaded: 0)
Unloading 26 unused Assets / (25.5 KB). Loaded Objects now: 4623.
Memory consumption went from 0.63 GB to 0.63 GB.
Total: 5.688000 ms (FindLiveObjects: 0.587900 ms CreateObjectMapping: 0.499000 ms MarkObjects: 4.552900 ms  DeleteObjects: 0.046700 ms)

AssetImportParameters requested are different than current active one (requested -> active):
  custom:video-decoder-ogg-theora: a1e56fd34408186e4bbccfd4996cb3dc -> 
  custom:container-muxer-webm: aa71ff27fc2769a1b78a27578f13a17b -> 
  custom:container-demuxer-webm: 4f35f7cbe854078d1ac9338744f61a02 -> 
  custom:video-encoder-webm-vp8: eb34c28f22e8b96e1ab97ce403110664 -> 
  custom:audio-encoder-webm-vorbis: bf7c407c2cedff20999df2af8eb42d56 -> 
  custom:framework-win-MediaFoundation: 216162199b28c13a410421893ffa2e32 -> 
  custom:container-demuxer-ogg: 62fdf1f143b41e24485cea50d1cbac27 -> 
  custom:video-decoder-webm-vp8: 9c59270c3fd7afecdb556c50c9e8de78 -> 
  custom:audio-decoder-ogg-vorbis: bf7c407c2cedff20999df2af8eb42d56 -> 
